
================================================================
======== txAdmin Starting - 13.03.2023, 09:25:04                
================================================================

================================================================
======== Log Rotated - 13.03.2023, 09:25:04                     
================================================================
[10:10:27][Sullivan_Richard] logged in from 127.0.0.1 via citizenfx
[10:10:56][Sullivan_Richard] Sending announcement: test 02928456
[10:11:20][Sullivan_Richard] executed "RESTART SERVER"

================================================================
======== txAdmin Starting - 13.03.2023, 11:28:06                
================================================================

================================================================
======== txAdmin Starting - 13.03.2023, 14:58:38                
================================================================

================================================================
======== txAdmin Starting - 13.03.2023, 15:00:22                
================================================================

================================================================
======== txAdmin Starting - 13.03.2023, 15:02:03                
================================================================

================================================================
======== txAdmin Starting - 13.03.2023, 15:05:19                
================================================================
[15:08:04][Sullivan_Richard] logged in from 127.0.0.1 via citizenfx

================================================================
======== txAdmin Starting - 13.03.2023, 15:08:22                
================================================================

================================================================
======== txAdmin Starting - 13.03.2023, 15:10:39                
================================================================

================================================================
======== txAdmin Starting - 13.03.2023, 15:16:53                
================================================================

================================================================
======== txAdmin Starting - 13.03.2023, 15:19:22                
================================================================

================================================================
======== txAdmin Starting - 13.03.2023, 15:19:51                
================================================================

================================================================
======== txAdmin Starting - 13.03.2023, 15:23:31                
================================================================
[15:28:06][Sullivan_Richard] logged in from 127.0.0.1 via citizenfx
[15:28:30][Sullivan_Richard] executed "RESTART SERVER"

================================================================
======== txAdmin Starting - 13.03.2023, 15:33:05                
================================================================
