
================================================================
======== txAdmin Starting - 11/03/2023, 00:17:02                
================================================================

================================================================
======== Log Rotated - 11/03/2023, 00:17:03                     
================================================================

================================================================
======== txAdmin Starting - 11/03/2023, 00:26:04                
================================================================

================================================================
======== txAdmin Starting - 11.03.2023, 16:37:02                
================================================================

================================================================
======== txAdmin Starting - 11.03.2023, 21:54:50                
================================================================

================================================================
======== txAdmin Starting - 11.03.2023, 22:03:07                
================================================================

================================================================
======== txAdmin Starting - 11.03.2023, 22:24:52                
================================================================

================================================================
======== txAdmin Starting - 11.03.2023, 23:11:06                
================================================================

================================================================
======== txAdmin Starting - 11.03.2023, 23:19:04                
================================================================

================================================================
======== txAdmin Starting - 11.03.2023, 23:49:56                
================================================================
[23:50:41][Sullivan_Richard] logged in from 127.0.0.1 via citizenfx

================================================================
======== txAdmin Starting - 11.03.2023, 23:55:17                
================================================================

================================================================
======== txAdmin Starting - 11.03.2023, 23:55:51                
================================================================
[23:55:59][Sullivan_Richard] logged in from 127.0.0.1 via citizenfx
