
================================================================
======== txAdmin v6.0.2 atop fxserver 6683 Starting - 17.01.2024, 15:28:59
================================================================

================================================================
======== Log Rotated - 17.01.2024, 15:29:00                     
================================================================
[15:31:13][Florian_Durrer] logged in from 127.0.0.1 via citizenfx
[15:31:43][Florian_Durrer] logged in from 127.0.0.1 via citizenfx
[15:32:06][Florian_Durrer] executed "STOP SERVER"

================================================================
======== txAdmin v6.0.2 atop fxserver 7290 Starting - 17.01.2024, 15:38:13
================================================================
[15:39:59][Florian_Durrer] logged in from 127.0.0.1 via citizenfx
[15:41:22][Florian_Durrer] Changing global settings.

================================================================
======== txAdmin v6.0.2 atop fxserver 7290 Starting - 17.01.2024, 17:59:19
================================================================
[17:59:33][Florian_Durrer] logged in from 127.0.0.1 via citizenfx
[18:12:22][Florian_Durrer] executed "RESTART SERVER"
[18:13:40][Florian_Durrer] logged in via in-game ui
[18:16:04][Florian_Durrer] Sending announcement: Salut tous les pd
[18:20:15][Florian_Durrer] logged in from via NUI iframe
[18:21:15][Florian_Durrer] Sending announcement: SALUT LES PD

================================================================
======== txAdmin v6.0.2 atop fxserver 7290 Starting - 17.01.2024, 18:51:26
================================================================
[18:54:44][Florian_Durrer] logged in via in-game ui

================================================================
======== txAdmin v6.0.2 atop fxserver 7290 Starting - 17.01.2024, 19:51:44
================================================================
[19:53:06][Florian_Durrer] logged in via in-game ui
