
================================================================
======== txAdmin Starting - 10/03/2023, 16:42:33                
================================================================
[16:43:49][Sullivan_Richard] created admins file
[16:43:54][Sullivan_Richard] logged in from 127.0.0.1 via citizenfx
[16:44:42][Sullivan_Richard] Changing global/fxserver settings via setup stepper.
[16:44:50][Sullivan_Richard] executed "STOP SERVER"
[17:00:47][Sullivan_Richard] Changing global settings.
[17:00:50][Sullivan_Richard] Changing fxRunner settings.
[17:01:35][Sullivan_Richard] executed "RESTART SERVER"
[17:03:59][Sullivan_Richard] executed "RESTART SERVER"

================================================================
======== txAdmin Starting - 10/03/2023, 17:05:51                
================================================================
[17:05:58][Sullivan_Richard] logged in from 127.0.0.1 via citizenfx
[17:06:06][Sullivan_Richard] logged in from 127.0.0.1 via citizenfx

================================================================
======== txAdmin Starting - 10/03/2023, 17:10:45                
================================================================
[17:12:31][Sullivan_Richard] logged in from 127.0.0.1 via citizenfx
[17:12:40][Sullivan_Richard] executed "RESTART SERVER"
[17:15:01][Sullivan_Richard] executed "RESTART SERVER"
[17:18:35][Sullivan_Richard] executed "RESTART SERVER"

================================================================
======== txAdmin Starting - 10/03/2023, 17:21:09                
================================================================
[17:22:22][Sullivan_Richard] logged in from 127.0.0.1 via citizenfx
[17:30:15][Sullivan_Richard] executed "RESTART SERVER"

================================================================
======== txAdmin Starting - 10/03/2023, 17:38:16                
================================================================
[17:38:38][Sullivan_Richard] logged in from 127.0.0.1 via citizenfx

================================================================
======== txAdmin Starting - 10/03/2023, 18:19:17                
================================================================

================================================================
======== txAdmin Starting - 10/03/2023, 18:55:03                
================================================================

================================================================
======== txAdmin Starting - 10/03/2023, 19:18:06                
================================================================

================================================================
======== txAdmin Starting - 10/03/2023, 19:23:08                
================================================================
[19:30:37][Sullivan_Richard] logged in from 127.0.0.1 via citizenfx

================================================================
======== txAdmin Starting - 10/03/2023, 20:34:34                
================================================================

================================================================
======== txAdmin Starting - 10/03/2023, 20:56:43                
================================================================

================================================================
======== txAdmin Starting - 10/03/2023, 20:58:22                
================================================================

================================================================
======== txAdmin Starting - 10/03/2023, 21:02:09                
================================================================

================================================================
======== txAdmin Starting - 10/03/2023, 22:11:04                
================================================================

================================================================
======== txAdmin Starting - 10/03/2023, 22:18:10                
================================================================

================================================================
======== txAdmin Starting - 10/03/2023, 22:23:17                
================================================================

================================================================
======== txAdmin Starting - 10/03/2023, 23:28:42                
================================================================

================================================================
======== txAdmin Starting - 10/03/2023, 23:47:49                
================================================================
