
================================================================
======== txAdmin Starting - 11.11.2023, 15:49:42                
================================================================

================================================================
======== Log Rotated - 11.11.2023, 15:49:43                     
================================================================

================================================================
======== txAdmin Starting - 11.11.2023, 16:07:38                
================================================================

================================================================
======== txAdmin Starting - 11.11.2023, 16:09:52                
================================================================

================================================================
======== txAdmin Starting - 11.11.2023, 16:13:25                
================================================================

================================================================
======== txAdmin Starting - 11.11.2023, 16:16:17                
================================================================

================================================================
======== txAdmin Starting - 11.11.2023, 16:19:04                
================================================================

================================================================
======== txAdmin Starting - 11.11.2023, 16:20:46                
================================================================

================================================================
======== txAdmin Starting - 11.11.2023, 16:21:35                
================================================================

================================================================
======== txAdmin Starting - 11.11.2023, 16:22:48                
================================================================

================================================================
======== txAdmin Starting - 11.11.2023, 16:27:21                
================================================================

================================================================
======== txAdmin Starting - 11.11.2023, 16:29:09                
================================================================
[16:29:42][Florian_Durrer] created admins file
[16:29:53][Florian_Durrer] logged in from 127.0.0.1 via citizenfx
[16:30:27][Florian_Durrer] executed "START SERVER"
[16:31:24][Florian_Durrer] executed "STOP SERVER"

================================================================
======== txAdmin v6.0.2 atop fxserver 6683 Starting - 11.11.2023, 16:34:12
================================================================

================================================================
======== txAdmin v6.0.2 atop fxserver 6683 Starting - 11.11.2023, 16:35:51
================================================================
[16:37:01][Florian_Durrer] logged in from 127.0.0.1 via citizenfx
[16:37:36][Florian_Durrer] Changing global settings.
[16:38:38][Florian_Durrer] executed "RESTART SERVER"

================================================================
======== txAdmin v6.0.2 atop fxserver 6683 Starting - 11.11.2023, 16:46:18
================================================================

================================================================
======== txAdmin v6.0.2 atop fxserver 6683 Starting - 11.11.2023, 16:49:49
================================================================
[22:42:42][Florian_Durrer] logged in from 127.0.0.1 via citizenfx
[22:45:14][Florian_Durrer] Changing Player Manager settings.
[22:45:27][Florian_Durrer] executed "txaKickAll "txAdmin Web Panel""
[22:45:36][Florian_Durrer] executed "RESTART SERVER"
[13:20:38][Florian_Durrer] logged in from 127.0.0.1 via citizenfx
