
================================================================
======== txAdmin Starting - 17.01.2024, 15:28:59                
================================================================

================================================================
======== Log Rotated - 17.01.2024, 15:29:00                     
================================================================
[15:29:50] txAdmin: Logger started

================================================================
======== txAdmin Starting - 17.01.2024, 15:38:13                
================================================================
[15:39:31] txAdmin: Logger started

================================================================
======== txAdmin Starting - 17.01.2024, 17:59:19                
================================================================
[18:00:05] txAdmin: Logger started
[18:12:36] txAdmin: Logger started
[18:13:14] [bGtpt#1] Flo_swiss: joined with identifiers [license:681cd6510ba9a9d33b277172f50343356d2f6a65; xbl:2535437276398924; live:914801391776115; fivem:6755919; license2:ed580406371a100c83b25d9f1f55889733f17842]
[18:13:46] [bGtpt#1] Flo_swiss: said "/hidezhud"
[18:14:37] [bGtpt#1] Flo_swiss: said "/hidezhud"
[18:16:04] txAdmin: ((Broadcast) Florian_Durrer): said "Salut tous les pd"
[18:18:31] [bGtpt#1] Flo_swiss: spawned a vehicle (model: caddy)
[18:18:41] [bGtpt#1] Flo_swiss: spawned a vehicle (model: issi5)
[18:18:56] [bGtpt#1] Flo_swiss: spawned a vehicle (model: buzzard2)
[18:21:08] [bGtpt#1] Flo_swiss: teleported to a waypoint
[18:21:16] [bGtpt#1] Flo_swiss: made a server-wide announcement: SALUT LES PD
[18:21:16] txAdmin: ((Broadcast) Florian_Durrer): said "SALUT LES PD"
[18:21:23] [bGtpt#1] Flo_swiss: cleared an area with 100m radius
[18:21:25] [bGtpt#1] Flo_swiss: turned show player IDs on
[18:21:38] [bGtpt#1] Flo_swiss: died from suicide (Falling)
[18:21:39] [bGtpt#1] Flo_swiss: caused an explosion (PLANE)
[18:21:43] [bGtpt#1] Flo_swiss: said "/-engine"
[18:21:46] [bGtpt#1] Flo_swiss: said "/-engine"
[18:22:04] [bGtpt#1] Flo_swiss: healed all players!
[18:22:06] [bGtpt#1] Flo_swiss: healed themself
[18:22:25] [bGtpt#1] Flo_swiss: spawned a vehicle (model: sultan)
[18:22:29] [bGtpt#1] Flo_swiss: said "/-engine"
[18:22:41] [bGtpt#1] Flo_swiss: said "/-engine"
[18:22:42] [bGtpt#1] Flo_swiss: said "/-engine"
[18:22:45] [bGtpt#1] Flo_swiss: said "/-handsup"
[18:25:36] [bGtpt#1] Flo_swiss: enabled god mode
[18:25:41] [bGtpt#1] Flo_swiss: healed player [#1] Flo_swiss
[18:27:27] [bGtpt#1] Flo_swiss: died from suicide (Falling)
[18:27:29] [bGtpt#1] Flo_swiss: said "/-engine"
[18:27:39] [bGtpt#1] Flo_swiss: healed player [#1] Flo_swiss

================================================================
======== txAdmin Starting - 17.01.2024, 18:51:26                
================================================================
[18:52:15] txAdmin: Logger started
[18:54:17] [AGCCY#1] Flo_swiss: joined with identifiers [license:681cd6510ba9a9d33b277172f50343356d2f6a65; xbl:2535437276398924; live:914801391776115; fivem:6755919; license2:ed580406371a100c83b25d9f1f55889733f17842]
[19:14:54] [AGCCY#1] Flo_swiss: died from suicide (Fist)
[19:15:11] [AGCCY#1] Flo_swiss: said "/-engine"
[19:27:26] [AGCCY#1] Flo_swiss: enabled god mode
[19:28:42] [AGCCY#1] Flo_swiss: healed player [#1] Flo_swiss
[19:29:03] [AGCCY#1] Flo_swiss: died from suicide (Fist)
[19:29:06] [AGCCY#1] Flo_swiss: said "/-engine"

================================================================
======== txAdmin Starting - 17.01.2024, 19:51:44                
================================================================
[19:52:31] txAdmin: Logger started
[19:52:45] [E9dkH#1] Flo_swiss: joined with identifiers [license:681cd6510ba9a9d33b277172f50343356d2f6a65; xbl:2535437276398924; live:914801391776115; fivem:6755919; license2:ed580406371a100c83b25d9f1f55889733f17842]
[19:57:04] [E9dkH#1] Flo_swiss: enabled god mode
[20:01:03] [E9dkH#1] Flo_swiss: said "/-handsup"
[20:01:08] [E9dkH#1] Flo_swiss: said "/-handsup"
